`````html  &lt;table id&#61;&quot;tlayout&quot;&gt;
  &lt;tr valign&#61;&quot;top&quot;&gt;
    &lt;td id&#61;&quot;layout-menu&quot;&gt;
      &lt;div class&#61;&quot;menu-category&quot;&gt;jemdoc&lt;/div&gt;
      &lt;div class&#61;&quot;menu-item&quot;&gt;&lt;a href&#61;&quot;index.html&quot; class&#61;&quot;current&quot;&gt;home&lt;/a&gt;&lt;/div&gt;
    &lt;div class&#61;&quot;menu-category&quot;&gt;topics&lt;/div&gt;
      &lt;div class&#61;&quot;menu-item&quot;&gt;&lt;a href&#61;&quot;/pub/menu1.html&quot;&gt;Menu 1&lt;/a&gt;&lt;/div&gt;
      &lt;div class&#61;&quot;menu-item&quot;&gt;&lt;a href&#61;&quot;/pub/menu2.html&quot;&gt;Menu 2&lt;/a&gt;&lt;/div&gt;
      &lt;div class&#61;&quot;menu-item&quot;&gt;&lt;a href&#61;&quot;/pub/menu3.html&quot;&gt;Menu 3&lt;/a&gt;&lt;/div&gt;
    &lt;/td&gt;
    &lt;td id&#61;&quot;layout-content&quot;&gt;
      &lt;p&gt; CONTENT HERE &lt;/p&gt;
      &lt;div id&#61;&quot;footer&quot;&gt;
        &lt;div id&#61;&quot;footer-text&quot;&gt;
          Page generated by &lt;a href&#61;&quot;http://jemdoc.jaboc.net/&quot;&gt;jemdoc&lt;/a&gt;.
        &lt;/div&gt;
      &lt;/div&gt;
    &lt;/td&gt;
  &lt;/tr&gt;
&lt;/table&gt; `````
